Flow report for ALC
Thu Jun 30 22:12:42 2022
Quartus II 64-Bit Version 13.0.1 Build 232 06/12/2013 Service Pack 1 SJ Web Edition


---------------------
; Table of Contents ;
---------------------
  1. Legal Notice
  2. Flow Summary
  3. Flow Settings
  4. Flow Non-Default Global Settings
  5. Flow Elapsed Time
  6. Flow OS Summary
  7. Flow Log
  8. Flow Messages
  9. Flow Suppressed Messages



----------------
; Legal Notice ;
----------------
Copyright (C) 1991-2013 Altera Corporation
Your use of Altera Corporation's design tools, logic functions 
and other software and tools, and its AMPP partner logic 
functions, and any output files from any of the foregoing 
(including device programming or simulation files), and any 
associated documentation or information are expressly subject 
to the terms and conditions of the Altera Program License 
Subscription Agreement, Altera MegaCore Function License 
Agreement, or other applicable license agreement, including, 
without limitation, that your use is for the sole purpose of 
programming logic devices manufactured by Altera and sold by 
Altera or its authorized distributors.  Please refer to the 
applicable agreement for further details.



+-----------------------------------------------------------------------------+
; Flow Summary                                                                ;
+---------------------------+-------------------------------------------------+
; Flow Status               ; Successful - Thu Jun 30 22:12:42 2022           ;
; Quartus II 64-Bit Version ; 13.0.1 Build 232 06/12/2013 SP 1 SJ Web Edition ;
; Revision Name             ; ALC                                             ;
; Top-level Entity Name     ; ALC                                             ;
; Family                    ; MAX7000S                                        ;
; Device                    ; EPM7128SLC84-15                                 ;
; Timing Models             ; Final                                           ;
; Total macrocells          ; 102 / 128 ( 80 % )                              ;
; Total pins                ; 67 / 68 ( 99 % )                                ;
+---------------------------+-------------------------------------------------+


+-----------------------------------------+
; Flow Settings                           ;
+-------------------+---------------------+
; Option            ; Setting             ;
+-------------------+---------------------+
; Start date & time ; 06/30/2022 22:12:37 ;
; Main task         ; Compilation         ;
; Revision Name     ; ALC                 ;
+-------------------+---------------------+


+-----------------------------------------------------------------------------------------------------------------------+
; Flow Non-Default Global Settings                                                                                      ;
+---------------------------------+--------------------------------+---------------+-------------+----------------------+
; Assignment Name                 ; Value                          ; Default Value ; Entity Name ; Section Id           ;
+---------------------------------+--------------------------------+---------------+-------------+----------------------+
; COMPILER_SIGNATURE_ID           ; 49410864565568.165659835624196 ; --            ; --          ; --                   ;
; EDA_DESIGN_ENTRY_SYNTHESIS_TOOL ; Design Compiler                ; <None>        ; --          ; --                   ;
; EDA_INPUT_DATA_FORMAT           ; Vhdl                           ; --            ; --          ; eda_design_synthesis ;
; EDA_INPUT_VCC_NAME              ; Vdd                            ; --            ; --          ; eda_design_synthesis ;
; EDA_LMF_FILE                    ; altsyn.lmf                     ; --            ; --          ; eda_design_synthesis ;
; EDA_OUTPUT_DATA_FORMAT          ; Vhdl                           ; --            ; --          ; eda_simulation       ;
; EDA_SIMULATION_TOOL             ; ModelSim-Altera (VHDL)         ; <None>        ; --          ; --                   ;
; FITTER_EFFORT                   ; Standard Fit                   ; Auto Fit      ; --          ; --                   ;
; OPTIMIZE_HOLD_TIMING            ; Off                            ; --            ; --          ; --                   ;
; PROJECT_OUTPUT_DIRECTORY        ; output_files                   ; --            ; --          ; --                   ;
; VHDL_SHOW_LMF_MAPPING_MESSAGES  ; Off                            ; --            ; --          ; --                   ;
+---------------------------------+--------------------------------+---------------+-------------+----------------------+


+-------------------------------------------------------------------------------------------------------------------------------+
; Flow Elapsed Time                                                                                                             ;
+---------------------------+--------------+-------------------------+---------------------+------------------------------------+
; Module Name               ; Elapsed Time ; Average Processors Used ; Peak Virtual Memory ; Total CPU Time (on all processors) ;
+---------------------------+--------------+-------------------------+---------------------+------------------------------------+
; Analysis & Synthesis      ; 00:00:02     ; 1.0                     ; 4618 MB             ; 00:00:02                           ;
; Fitter                    ; 00:00:01     ; 1.0                     ; 4686 MB             ; 00:00:01                           ;
; Assembler                 ; 00:00:00     ; 1.0                     ; 4500 MB             ; 00:00:00                           ;
; TimeQuest Timing Analyzer ; 00:00:00     ; 1.0                     ; 4508 MB             ; 00:00:01                           ;
; EDA Netlist Writer        ; 00:00:00     ; 1.0                     ; 4477 MB             ; 00:00:00                           ;
; Total                     ; 00:00:03     ; --                      ; --                  ; 00:00:04                           ;
+---------------------------+--------------+-------------------------+---------------------+------------------------------------+


+----------------------------------------------------------------------------------------+
; Flow OS Summary                                                                        ;
+---------------------------+------------------+-----------+------------+----------------+
; Module Name               ; Machine Hostname ; OS Name   ; OS Version ; Processor type ;
+---------------------------+------------------+-----------+------------+----------------+
; Analysis & Synthesis      ; Centurion-Heavy  ; Windows 7 ; 6.2        ; x86_64         ;
; Fitter                    ; Centurion-Heavy  ; Windows 7 ; 6.2        ; x86_64         ;
; Assembler                 ; Centurion-Heavy  ; Windows 7 ; 6.2        ; x86_64         ;
; TimeQuest Timing Analyzer ; Centurion-Heavy  ; Windows 7 ; 6.2        ; x86_64         ;
; EDA Netlist Writer        ; Centurion-Heavy  ; Windows 7 ; 6.2        ; x86_64         ;
+---------------------------+------------------+-----------+------------+----------------+


------------
; Flow Log ;
------------
quartus_map --read_settings_files=on --write_settings_files=off MAX7000CPU-GEN2-5-ALC -c ALC
quartus_fit --read_settings_files=off --write_settings_files=off MAX7000CPU-GEN2-5-ALC -c ALC
quartus_asm --read_settings_files=off --write_settings_files=off MAX7000CPU-GEN2-5-ALC -c ALC
quartus_sta MAX7000CPU-GEN2-5-ALC -c ALC
quartus_eda --read_settings_files=off --write_settings_files=off MAX7000CPU-GEN2-5-ALC -c ALC



